---------------------------------------------------------------

[2020-06-17T09:09:23+08:00] 127.0.0.1 GET hamburg.com/admin
[运行时间：3.892851s] [吞吐率：0.26req/s] [内存消耗：1,594.63kb] [文件加载：71]
[ info ] [ LANG ] F:\Project\hamburg\thinkphp\lang\zh-cn.php
---------------------------------------------------------------

[2020-06-17T09:09:29+08:00] 127.0.0.1 GET hamburg.com/admin.php/admin
[运行时间：5.638660s] [吞吐率：0.18req/s] [内存消耗：3,379.27kb] [文件加载：115]
[ info ] [ LANG ] F:\Project\hamburg\thinkphp\lang\zh-cn.php
[ info ] [ ROUTE ] array (
)
[ info ] [ HEADER ] array (
  'cookie' => 'PHPSESSID=7clpbegq8jvqm4rrce9potiotj; Hm_lvt_df73c308692c42e8633d774bf43c1c54=1592210798; Hm_lpvt_df73c308692c42e8633d774bf43c1c54=1592210805; dolphin___forward__=%2Fadmin.php%2Fadmin%2Fnavigation%2Findex.html',
  'accept-language' => 'zh-CN,zh;q=0.9',
  'accept-encoding' => 'gzip, deflate',
  'accept' => 'text/html,application/xhtml+xml,application/xml;q=0.9,image/webp,image/apng,*/*;q=0.8,application/signed-exchange;v=b3;q=0.9',
  'user-agent' => 'Mozilla/5.0 (Windows NT 10.0; Win64; x64) AppleWebKit/537.36 (KHTML, like Gecko) Chrome/83.0.4103.97 Safari/537.36',
  'upgrade-insecure-requests' => '1',
  'connection' => 'close',
  'host' => 'hamburg.com',
)
[ info ] [ PARAM ] array (
)
[ info ] [ DB ] INIT mysql
[ info ] [ VIEW ] F:\Project\hamburg\application\admin\view\index\index.html [ array (
  0 => '_admin_base_layout',
  1 => 'system_color',
  2 => '_pop',
  3 => '_top_menus',
  4 => '_top_menus_all',
  5 => '_sidebar_menus',
  6 => '_location',
  7 => '_message',
  8 => '_icons',
  9 => 'aside',
  10 => 'default_pass',
) ]
[ info ] [ VIEW ] F:\Project\hamburg\plugins/SystemInfo/view/widget.html [ array (
  0 => '_admin_base_layout',
  1 => 'system_color',
  2 => '_pop',
  3 => '_top_menus',
  4 => '_top_menus_all',
  5 => '_sidebar_menus',
  6 => '_location',
  7 => '_message',
  8 => '_icons',
  9 => 'aside',
  10 => 'default_pass',
  11 => 'display',
  12 => 'width',
) ]
[ info ] [ DB ] INIT mysql
[ info ] [ VIEW ] F:\Project\hamburg\plugins/DevTeam/view/widget.html [ array (
  0 => '_admin_base_layout',
  1 => 'system_color',
  2 => '_pop',
  3 => '_top_menus',
  4 => '_top_menus_all',
  5 => '_sidebar_menus',
  6 => '_location',
  7 => '_message',
  8 => '_icons',
  9 => 'aside',
  10 => 'default_pass',
  11 => 'display',
  12 => 'width',
) ]
[ sql ] [ DB ] CONNECT:[ UseTime:0.017407s ] mysql:host=127.0.0.1;port=3306;dbname=hamburg;charset=utf8
[ sql ] [ SQL ] SHOW COLUMNS FROM `dp_admin_role` [ RunTime:0.017687s ]
[ sql ] [ SQL ] SELECT `menu_auth` FROM `dp_admin_role` WHERE  `id` = 1 LIMIT 1 [ RunTime:0.000666s ]
[ sql ] [ SQL ] SHOW COLUMNS FROM `dp_admin_menu` [ RunTime:0.031883s ]
[ sql ] [ SQL ] SELECT `id`,`url_value` FROM `dp_admin_menu` WHERE  `id` = in [ RunTime:0.000492s ]
[ sql ] [ SQL ] SELECT `id` FROM `dp_admin_menu` WHERE  `pid` <> 0  AND `url_value` = 'admin/index/index' LIMIT 1 [ RunTime:0.006460s ]
[ sql ] [ SQL ] SELECT `id`,`pid`,`title`,`url_value`,`params` FROM `dp_admin_menu` [ RunTime:0.000966s ]
[ sql ] [ SQL ] SELECT `id`,`pid`,`module`,`title`,`url_value`,`url_type`,`url_target`,`icon`,`params` FROM `dp_admin_menu` WHERE  `status` = 1  AND `online_hide` = 0 ORDER BY `sort`,`id` [ RunTime:0.002892s ]
[ sql ] [ SQL ] SHOW COLUMNS FROM `dp_admin_message` [ RunTime:0.023002s ]
[ sql ] [ SQL ] SELECT COUNT(*) AS tp_count FROM `dp_admin_message` WHERE  `status` = 0  AND `uid_receive` = 1 [ RunTime:0.000635s ]
[ sql ] [ SQL ] SHOW COLUMNS FROM `dp_admin_icon` [ RunTime:0.017272s ]
[ sql ] [ SQL ] SELECT * FROM `dp_admin_icon` WHERE  `status` = 1 [ RunTime:0.000697s ]
[ sql ] [ SQL ] SHOW COLUMNS FROM `dp_admin_config` [ RunTime:0.018272s ]
[ sql ] [ SQL ] SELECT `value` FROM `dp_admin_config` WHERE  `id` = 1 LIMIT 1 [ RunTime:0.001113s ]
[ sql ] [ SQL ] SHOW COLUMNS FROM `dp_admin_user` [ RunTime:0.023354s ]
[ sql ] [ SQL ] SELECT `password` FROM `dp_admin_user` WHERE  `id` = 1 LIMIT 1 [ RunTime:0.000621s ]
[ sql ] [ SQL ] SELECT `avatar` FROM `dp_admin_user` WHERE  `id` = 1 LIMIT 1 [ RunTime:0.000590s ]
[ sql ] [ SQL ] SHOW COLUMNS FROM `dp_admin_attachment` [ RunTime:0.024245s ]
[ sql ] [ SQL ] SELECT * FROM `dp_admin_attachment` WHERE  `id` = 242 LIMIT 1 [ RunTime:0.001965s ]
[ sql ] [ SQL ] SELECT `avatar` FROM `dp_admin_user` WHERE  `id` = 1 LIMIT 1 [ RunTime:0.000503s ]
[ sql ] [ SQL ] SELECT * FROM `dp_admin_attachment` WHERE  `id` = 242 LIMIT 1 [ RunTime:0.000483s ]
[ sql ] [ SQL ] SHOW COLUMNS FROM `dp_admin_plugin` [ RunTime:0.027582s ]
[ sql ] [ SQL ] SELECT `config` FROM `dp_admin_plugin` WHERE  `name` = 'SystemInfo' LIMIT 1 [ RunTime:0.000499s ]
[ sql ] [ DB ] CONNECT:[ UseTime:0.010876s ] mysql:host=127.0.0.1;port=3306;dbname=hamburg;charset=utf8
[ sql ] [ SQL ] select version() as version [ RunTime:0.001839s ]
[ sql ] [ SQL ] SELECT `config` FROM `dp_admin_plugin` WHERE  `name` = 'DevTeam' LIMIT 1 [ RunTime:0.000796s ]
---------------------------------------------------------------

[2020-06-17T09:09:29+08:00] 127.0.0.1 GET hamburg.com/admin
[运行时间：0.028633s] [吞吐率：34.92req/s] [内存消耗：1,594.63kb] [文件加载：71]
[ info ] [ LANG ] F:\Project\hamburg\thinkphp\lang\zh-cn.php
---------------------------------------------------------------

[2020-06-17T09:09:29+08:00] 127.0.0.1 GET hamburg.com/admin.php/admin
[运行时间：0.242561s] [吞吐率：4.12req/s] [内存消耗：3,371.93kb] [文件加载：114]
[ info ] [ LANG ] F:\Project\hamburg\thinkphp\lang\zh-cn.php
[ info ] [ ROUTE ] array (
)
[ info ] [ HEADER ] array (
  'cookie' => 'PHPSESSID=7clpbegq8jvqm4rrce9potiotj; Hm_lvt_df73c308692c42e8633d774bf43c1c54=1592210798; Hm_lpvt_df73c308692c42e8633d774bf43c1c54=1592210805; dolphin___forward__=%2Fadmin.php%2Fadmin%2Fnavigation%2Findex.html',
  'accept-language' => 'zh-CN,zh;q=0.9',
  'accept-encoding' => 'gzip, deflate',
  'accept' => 'text/html,application/xhtml+xml,application/xml;q=0.9,image/webp,image/apng,*/*;q=0.8,application/signed-exchange;v=b3;q=0.9',
  'user-agent' => 'Mozilla/5.0 (Windows NT 10.0; Win64; x64) AppleWebKit/537.36 (KHTML, like Gecko) Chrome/83.0.4103.97 Safari/537.36',
  'upgrade-insecure-requests' => '1',
  'connection' => 'close',
  'host' => 'hamburg.com',
)
[ info ] [ PARAM ] array (
)
[ info ] [ DB ] INIT mysql
[ info ] [ VIEW ] F:\Project\hamburg\application\admin\view\index\index.html [ array (
  0 => '_admin_base_layout',
  1 => 'system_color',
  2 => '_pop',
  3 => '_top_menus',
  4 => '_top_menus_all',
  5 => '_sidebar_menus',
  6 => '_location',
  7 => '_message',
  8 => '_icons',
  9 => 'aside',
  10 => 'default_pass',
) ]
[ info ] [ VIEW ] F:\Project\hamburg\plugins/SystemInfo/view/widget.html [ array (
  0 => '_admin_base_layout',
  1 => 'system_color',
  2 => '_pop',
  3 => '_top_menus',
  4 => '_top_menus_all',
  5 => '_sidebar_menus',
  6 => '_location',
  7 => '_message',
  8 => '_icons',
  9 => 'aside',
  10 => 'default_pass',
  11 => 'display',
  12 => 'width',
) ]
[ info ] [ DB ] INIT mysql
[ info ] [ VIEW ] F:\Project\hamburg\plugins/DevTeam/view/widget.html [ array (
  0 => '_admin_base_layout',
  1 => 'system_color',
  2 => '_pop',
  3 => '_top_menus',
  4 => '_top_menus_all',
  5 => '_sidebar_menus',
  6 => '_location',
  7 => '_message',
  8 => '_icons',
  9 => 'aside',
  10 => 'default_pass',
  11 => 'display',
  12 => 'width',
) ]
[ sql ] [ DB ] CONNECT:[ UseTime:0.012124s ] mysql:host=127.0.0.1;port=3306;dbname=hamburg;charset=utf8
[ sql ] [ SQL ] SHOW COLUMNS FROM `dp_admin_role` [ RunTime:0.017713s ]
[ sql ] [ SQL ] SELECT `menu_auth` FROM `dp_admin_role` WHERE  `id` = 1 LIMIT 1 [ RunTime:0.000367s ]
[ sql ] [ SQL ] SHOW COLUMNS FROM `dp_admin_menu` [ RunTime:0.009383s ]
[ sql ] [ SQL ] SELECT `id`,`url_value` FROM `dp_admin_menu` WHERE  `id` = in [ RunTime:0.000318s ]
[ sql ] [ SQL ] SHOW COLUMNS FROM `dp_admin_message` [ RunTime:0.008844s ]
[ sql ] [ SQL ] SELECT COUNT(*) AS tp_count FROM `dp_admin_message` WHERE  `status` = 0  AND `uid_receive` = 1 [ RunTime:0.000630s ]
[ sql ] [ SQL ] SHOW COLUMNS FROM `dp_admin_icon` [ RunTime:0.010837s ]
[ sql ] [ SQL ] SELECT * FROM `dp_admin_icon` WHERE  `status` = 1 [ RunTime:0.000528s ]
[ sql ] [ SQL ] SHOW COLUMNS FROM `dp_admin_config` [ RunTime:0.010339s ]
[ sql ] [ SQL ] SELECT `value` FROM `dp_admin_config` WHERE  `id` = 1 LIMIT 1 [ RunTime:0.000889s ]
[ sql ] [ SQL ] SHOW COLUMNS FROM `dp_admin_user` [ RunTime:0.009445s ]
[ sql ] [ SQL ] SELECT `password` FROM `dp_admin_user` WHERE  `id` = 1 LIMIT 1 [ RunTime:0.000702s ]
[ sql ] [ SQL ] SELECT `avatar` FROM `dp_admin_user` WHERE  `id` = 1 LIMIT 1 [ RunTime:0.000689s ]
[ sql ] [ SQL ] SHOW COLUMNS FROM `dp_admin_attachment` [ RunTime:0.011647s ]
[ sql ] [ SQL ] SELECT * FROM `dp_admin_attachment` WHERE  `id` = 242 LIMIT 1 [ RunTime:0.000587s ]
[ sql ] [ SQL ] SELECT `avatar` FROM `dp_admin_user` WHERE  `id` = 1 LIMIT 1 [ RunTime:0.000574s ]
[ sql ] [ SQL ] SELECT * FROM `dp_admin_attachment` WHERE  `id` = 242 LIMIT 1 [ RunTime:0.000382s ]
[ sql ] [ DB ] CONNECT:[ UseTime:0.011889s ] mysql:host=127.0.0.1;port=3306;dbname=hamburg;charset=utf8
[ sql ] [ SQL ] select version() as version [ RunTime:0.000316s ]
---------------------------------------------------------------

[2020-06-17T09:09:30+08:00] 127.0.0.1 GET hamburg.com/admin.php/admin/index/checkupdate.html
[运行时间：0.452469s] [吞吐率：2.21req/s] [内存消耗：2,996.42kb] [文件加载：98]
[ info ] [ LANG ] F:\Project\hamburg\thinkphp\lang\zh-cn.php
[ info ] [ ROUTE ] array (
)
[ info ] [ HEADER ] array (
  'cookie' => 'PHPSESSID=7clpbegq8jvqm4rrce9potiotj; Hm_lvt_df73c308692c42e8633d774bf43c1c54=1592210798; Hm_lpvt_df73c308692c42e8633d774bf43c1c54=1592210805; dolphin___forward__=%2Fadmin.php%2Fadmin%2Fnavigation%2Findex.html',
  'accept-language' => 'zh-CN,zh;q=0.9',
  'accept-encoding' => 'gzip, deflate',
  'referer' => 'http://hamburg.com/admin.php/admin',
  'x-requested-with' => 'XMLHttpRequest',
  'user-agent' => 'Mozilla/5.0 (Windows NT 10.0; Win64; x64) AppleWebKit/537.36 (KHTML, like Gecko) Chrome/83.0.4103.97 Safari/537.36',
  'accept' => '*/*',
  'connection' => 'close',
  'host' => 'hamburg.com',
)
[ info ] [ PARAM ] array (
)
[ info ] [ DB ] INIT mysql
[ info ] [ DB ] INIT mysql
[ sql ] [ DB ] CONNECT:[ UseTime:0.001130s ] mysql:host=127.0.0.1;port=3306;dbname=hamburg;charset=utf8
[ sql ] [ SQL ] SHOW COLUMNS FROM `dp_admin_role` [ RunTime:0.018205s ]
[ sql ] [ SQL ] SELECT `menu_auth` FROM `dp_admin_role` WHERE  `id` = 1 LIMIT 1 [ RunTime:0.000583s ]
[ sql ] [ SQL ] SHOW COLUMNS FROM `dp_admin_menu` [ RunTime:0.014254s ]
[ sql ] [ SQL ] SELECT `id`,`url_value` FROM `dp_admin_menu` WHERE  `id` = in [ RunTime:0.000368s ]
[ sql ] [ DB ] CONNECT:[ UseTime:0.003029s ] mysql:host=127.0.0.1;port=3306;dbname=hamburg;charset=utf8
[ sql ] [ SQL ] select version() as version [ RunTime:0.000555s ]
---------------------------------------------------------------

[2020-06-17T09:09:33+08:00] 127.0.0.1 GET hamburg.com/index.php
[运行时间：1.432120s] [吞吐率：0.70req/s] [内存消耗：3,272.56kb] [文件加载：108]
[ info ] [ LANG ] F:\Project\hamburg\thinkphp\lang\zh-cn.php
[ info ] [ ROUTE ] array (
)
[ info ] [ HEADER ] array (
  'cookie' => 'PHPSESSID=7clpbegq8jvqm4rrce9potiotj; Hm_lvt_df73c308692c42e8633d774bf43c1c54=1592210798; Hm_lpvt_df73c308692c42e8633d774bf43c1c54=1592210805; dolphin___forward__=%2Fadmin.php%2Fadmin%2Fnavigation%2Findex.html',
  'accept-language' => 'zh-CN,zh;q=0.9',
  'accept-encoding' => 'gzip, deflate',
  'referer' => 'http://hamburg.com/admin.php/admin',
  'accept' => 'text/html,application/xhtml+xml,application/xml;q=0.9,image/webp,image/apng,*/*;q=0.8,application/signed-exchange;v=b3;q=0.9',
  'user-agent' => 'Mozilla/5.0 (Windows NT 10.0; Win64; x64) AppleWebKit/537.36 (KHTML, like Gecko) Chrome/83.0.4103.97 Safari/537.36',
  'upgrade-insecure-requests' => '1',
  'connection' => 'close',
  'host' => 'hamburg.com',
)
[ info ] [ PARAM ] array (
)
[ info ] [ DB ] INIT mysql
[ info ] [ VIEW ] F:\Project\hamburg\application\index\view\index\index.html [ array (
  0 => 'title',
  1 => 'config',
  2 => 'nav',
  3 => 'menu',
  4 => 'nav_pid',
  5 => 'nav_id',
  6 => 'banner',
  7 => 'roll',
  8 => 'news',
  9 => 'store',
  10 => 'card',
) ]
[ sql ] [ DB ] CONNECT:[ UseTime:0.001302s ] mysql:host=127.0.0.1;port=3306;dbname=hamburg;charset=utf8
[ sql ] [ SQL ] SHOW COLUMNS FROM `dp_home_navigation` [ RunTime:0.033445s ]
[ sql ] [ SQL ] SELECT `id`,`pid`,`title` FROM `dp_home_navigation` WHERE  `url_value` = 'index/index/index'  AND `pid` <> 0 LIMIT 1 [ RunTime:0.001350s ]
[ sql ] [ SQL ] SELECT `id`,`title` FROM `dp_home_navigation` WHERE  `url_value` = 'index/index/index'  AND `pid` = 0 LIMIT 1 [ RunTime:0.000561s ]
[ sql ] [ SQL ] SELECT `id`,`title`,`korean`,`url_value`,`params` FROM `dp_home_navigation` WHERE  `pid` = 1 ORDER BY `sort` [ RunTime:0.000526s ]
[ sql ] [ SQL ] SHOW COLUMNS FROM `dp_home_page_img` [ RunTime:0.037370s ]
[ sql ] [ SQL ] SELECT `id`,`alt`,`title`,`img` FROM `dp_home_page_img` WHERE  ( find_in_set('0',pid) ) ORDER BY `sort` LIMIT 1 [ RunTime:0.000655s ]
[ sql ] [ SQL ] SHOW COLUMNS FROM `dp_configuration` [ RunTime:0.025868s ]
[ sql ] [ SQL ] SELECT * FROM `dp_configuration` WHERE  `id` = 1 LIMIT 1 [ RunTime:0.000629s ]
[ sql ] [ SQL ] SELECT `id`,`title`,`korean`,`url_value`,`params` FROM `dp_home_navigation` WHERE  `pid` = 0  AND `status` = 1 ORDER BY `sort` [ RunTime:0.000540s ]
[ sql ] [ SQL ] SELECT `id`,`title`,`korean`,`url_value`,`params` FROM `dp_home_navigation` WHERE  `pid` = 1  AND `status` = 1 ORDER BY `sort` [ RunTime:0.000554s ]
[ sql ] [ SQL ] SELECT `id`,`title`,`korean`,`url_value`,`params` FROM `dp_home_navigation` WHERE  `pid` = 2  AND `status` = 1 ORDER BY `sort` [ RunTime:0.000578s ]
[ sql ] [ SQL ] SELECT `id`,`title`,`korean`,`url_value`,`params` FROM `dp_home_navigation` WHERE  `pid` = 9  AND `status` = 1 ORDER BY `sort` [ RunTime:0.000604s ]
[ sql ] [ SQL ] SELECT `id`,`title`,`korean`,`url_value`,`params` FROM `dp_home_navigation` WHERE  `pid` = 7  AND `status` = 1 ORDER BY `sort` [ RunTime:0.000476s ]
[ sql ] [ SQL ] SELECT `id`,`title`,`korean`,`url_value`,`params` FROM `dp_home_navigation` WHERE  `pid` = 20  AND `status` = 1 ORDER BY `sort` [ RunTime:0.000501s ]
[ sql ] [ SQL ] SELECT `id`,`title`,`korean`,`url_value`,`params` FROM `dp_home_navigation` WHERE  `pid` = 27  AND `status` = 1 ORDER BY `sort` [ RunTime:0.001112s ]
[ sql ] [ SQL ] SELECT `id`,`title`,`korean`,`url_value`,`params` FROM `dp_home_navigation` WHERE  `pid` = 35  AND `status` = 1 ORDER BY `sort` [ RunTime:0.002388s ]
[ sql ] [ SQL ] SHOW COLUMNS FROM `dp_home_banner` [ RunTime:0.026722s ]
[ sql ] [ SQL ] SELECT `id`,`title`,`alt`,`img` FROM `dp_home_banner` WHERE  `status` = 1 ORDER BY `sort` LIMIT 15 [ RunTime:0.000583s ]
[ sql ] [ SQL ] SHOW COLUMNS FROM `dp_home_roll` [ RunTime:0.019850s ]
[ sql ] [ SQL ] SELECT `id`,`title`,`alt`,`img` FROM `dp_home_roll` WHERE  `status` = 1 ORDER BY `sort` LIMIT 15 [ RunTime:0.002742s ]
[ sql ] [ SQL ] SHOW COLUMNS FROM `dp_home_news` [ RunTime:0.027072s ]
[ sql ] [ SQL ] SELECT `id`,`pid`,`title`,`time` FROM `dp_home_news` WHERE  `status` = 1  AND `is_tui` = 1 ORDER BY `sort` LIMIT 15 [ RunTime:0.012903s ]
[ sql ] [ SQL ] SHOW COLUMNS FROM `dp_home_store` [ RunTime:0.025171s ]
[ sql ] [ SQL ] SELECT `id`,`pid`,`title`,`img` FROM `dp_home_store` WHERE  `status` = 1  AND `is_tui` = 1 ORDER BY `sort` LIMIT 15 [ RunTime:0.001321s ]
[ sql ] [ SQL ] SHOW COLUMNS FROM `dp_home_card` [ RunTime:0.026115s ]
[ sql ] [ SQL ] SELECT `id`,`title`,`alt`,`img` FROM `dp_home_card` WHERE  `status` = 1 ORDER BY `sort` LIMIT 3 [ RunTime:0.000654s ]
[ sql ] [ SQL ] SHOW COLUMNS FROM `dp_admin_attachment` [ RunTime:0.021679s ]
[ sql ] [ SQL ] SELECT * FROM `dp_admin_attachment` WHERE  `id` = 293 LIMIT 1 [ RunTime:0.000606s ]
[ sql ] [ SQL ] SELECT * FROM `dp_admin_attachment` WHERE  `id` = 309 LIMIT 1 [ RunTime:0.000636s ]
[ sql ] [ SQL ] SELECT * FROM `dp_admin_attachment` WHERE  `id` = 310 LIMIT 1 [ RunTime:0.000540s ]
[ sql ] [ SQL ] SELECT * FROM `dp_admin_attachment` WHERE  `id` = 311 LIMIT 1 [ RunTime:0.000502s ]
[ sql ] [ SQL ] SELECT * FROM `dp_admin_attachment` WHERE  `id` = 312 LIMIT 1 [ RunTime:0.000615s ]
[ sql ] [ SQL ] SELECT * FROM `dp_admin_attachment` WHERE  `id` = 313 LIMIT 1 [ RunTime:0.000791s ]
[ sql ] [ SQL ] SELECT * FROM `dp_admin_attachment` WHERE  `id` = 314 LIMIT 1 [ RunTime:0.002737s ]
[ sql ] [ SQL ] SELECT * FROM `dp_admin_attachment` WHERE  `id` = 315 LIMIT 1 [ RunTime:0.000665s ]
[ sql ] [ SQL ] SELECT * FROM `dp_admin_attachment` WHERE  `id` = 294 LIMIT 1 [ RunTime:0.000499s ]
[ sql ] [ SQL ] SELECT * FROM `dp_admin_attachment` WHERE  `id` = 295 LIMIT 1 [ RunTime:0.000546s ]
[ sql ] [ SQL ] SELECT * FROM `dp_admin_attachment` WHERE  `id` = 296 LIMIT 1 [ RunTime:0.000550s ]
[ sql ] [ SQL ] SELECT * FROM `dp_admin_attachment` WHERE  `id` = 299 LIMIT 1 [ RunTime:0.000542s ]
[ sql ] [ SQL ] SELECT * FROM `dp_admin_attachment` WHERE  `id` = 300 LIMIT 1 [ RunTime:0.000595s ]
[ sql ] [ SQL ] SELECT * FROM `dp_admin_attachment` WHERE  `id` = 302 LIMIT 1 [ RunTime:0.000599s ]
[ sql ] [ SQL ] SELECT * FROM `dp_admin_attachment` WHERE  `id` = 316 LIMIT 1 [ RunTime:0.000907s ]
[ sql ] [ SQL ] SELECT * FROM `dp_admin_attachment` WHERE  `id` = 317 LIMIT 1 [ RunTime:0.000641s ]
[ sql ] [ SQL ] SELECT * FROM `dp_admin_attachment` WHERE  `id` = 318 LIMIT 1 [ RunTime:0.000520s ]
[ sql ] [ SQL ] SELECT * FROM `dp_admin_attachment` WHERE  `id` = 319 LIMIT 1 [ RunTime:0.000564s ]
[ sql ] [ SQL ] SELECT * FROM `dp_admin_attachment` WHERE  `id` = 320 LIMIT 1 [ RunTime:0.000546s ]
[ sql ] [ SQL ] SELECT * FROM `dp_admin_attachment` WHERE  `id` = 321 LIMIT 1 [ RunTime:0.000670s ]
[ sql ] [ SQL ] SELECT * FROM `dp_admin_attachment` WHERE  `id` = 322 LIMIT 1 [ RunTime:0.000827s ]
[ sql ] [ SQL ] SELECT * FROM `dp_admin_attachment` WHERE  `id` = 323 LIMIT 1 [ RunTime:0.003017s ]
[ sql ] [ SQL ] SELECT * FROM `dp_admin_attachment` WHERE  `id` = 326 LIMIT 1 [ RunTime:0.000914s ]
[ sql ] [ SQL ] SELECT * FROM `dp_admin_attachment` WHERE  `id` = 325 LIMIT 1 [ RunTime:0.000587s ]
[ sql ] [ SQL ] SELECT * FROM `dp_admin_attachment` WHERE  `id` = 324 LIMIT 1 [ RunTime:0.000584s ]
[ sql ] [ SQL ] SELECT * FROM `dp_admin_attachment` WHERE  `id` = 327 LIMIT 1 [ RunTime:0.000578s ]
[ sql ] [ SQL ] SELECT * FROM `dp_admin_attachment` WHERE  `id` = 328 LIMIT 1 [ RunTime:0.000579s ]
[ sql ] [ SQL ] SELECT * FROM `dp_admin_attachment` WHERE  `id` = 329 LIMIT 1 [ RunTime:0.000558s ]
[ sql ] [ SQL ] SELECT * FROM `dp_admin_attachment` WHERE  `id` = 330 LIMIT 1 [ RunTime:0.000618s ]
[ sql ] [ SQL ] SELECT * FROM `dp_admin_attachment` WHERE  `id` = 331 LIMIT 1 [ RunTime:0.000583s ]
[ sql ] [ SQL ] SELECT * FROM `dp_admin_attachment` WHERE  `id` = 293 LIMIT 1 [ RunTime:0.000533s ]
[ sql ] [ SQL ] SELECT * FROM `dp_admin_attachment` WHERE  `id` = 308 LIMIT 1 [ RunTime:0.000533s ]
[ sql ] [ SQL ] SELECT * FROM `dp_admin_attachment` WHERE  `id` = 307 LIMIT 1 [ RunTime:0.000553s ]
---------------------------------------------------------------

[2020-06-17T09:40:43+08:00] 127.0.0.1 GET hamburg.com/admin.php/admin
[运行时间：1.582683s] [吞吐率：0.63req/s] [内存消耗：3,371.91kb] [文件加载：114]
[ info ] [ LANG ] F:\Project\hamburg\thinkphp\lang\zh-cn.php
[ info ] [ ROUTE ] array (
)
[ info ] [ HEADER ] array (
  'cookie' => 'PHPSESSID=7clpbegq8jvqm4rrce9potiotj; Hm_lvt_df73c308692c42e8633d774bf43c1c54=1592210798; dolphin___forward__=%2Fadmin.php%2Fadmin%2Fnavigation%2Findex.html; Hm_lpvt_df73c308692c42e8633d774bf43c1c54=1592356175',
  'accept-language' => 'zh-CN,zh;q=0.9',
  'accept-encoding' => 'gzip, deflate',
  'accept' => 'text/html,application/xhtml+xml,application/xml;q=0.9,image/webp,image/apng,*/*;q=0.8,application/signed-exchange;v=b3;q=0.9',
  'user-agent' => 'Mozilla/5.0 (Windows NT 10.0; Win64; x64) AppleWebKit/537.36 (KHTML, like Gecko) Chrome/83.0.4103.97 Safari/537.36',
  'upgrade-insecure-requests' => '1',
  'connection' => 'close',
  'host' => 'hamburg.com',
)
[ info ] [ PARAM ] array (
)
[ info ] [ DB ] INIT mysql
[ info ] [ VIEW ] F:\Project\hamburg\application\admin\view\index\index.html [ array (
  0 => '_admin_base_layout',
  1 => 'system_color',
  2 => '_pop',
  3 => '_top_menus',
  4 => '_top_menus_all',
  5 => '_sidebar_menus',
  6 => '_location',
  7 => '_message',
  8 => '_icons',
  9 => 'aside',
  10 => 'default_pass',
) ]
[ info ] [ VIEW ] F:\Project\hamburg\plugins/SystemInfo/view/widget.html [ array (
  0 => '_admin_base_layout',
  1 => 'system_color',
  2 => '_pop',
  3 => '_top_menus',
  4 => '_top_menus_all',
  5 => '_sidebar_menus',
  6 => '_location',
  7 => '_message',
  8 => '_icons',
  9 => 'aside',
  10 => 'default_pass',
  11 => 'display',
  12 => 'width',
) ]
[ info ] [ DB ] INIT mysql
[ info ] [ VIEW ] F:\Project\hamburg\plugins/DevTeam/view/widget.html [ array (
  0 => '_admin_base_layout',
  1 => 'system_color',
  2 => '_pop',
  3 => '_top_menus',
  4 => '_top_menus_all',
  5 => '_sidebar_menus',
  6 => '_location',
  7 => '_message',
  8 => '_icons',
  9 => 'aside',
  10 => 'default_pass',
  11 => 'display',
  12 => 'width',
) ]
[ sql ] [ DB ] CONNECT:[ UseTime:0.001507s ] mysql:host=127.0.0.1;port=3306;dbname=hamburg;charset=utf8
[ sql ] [ SQL ] SHOW COLUMNS FROM `dp_admin_role` [ RunTime:0.020132s ]
[ sql ] [ SQL ] SELECT `menu_auth` FROM `dp_admin_role` WHERE  `id` = 1 LIMIT 1 [ RunTime:0.000620s ]
[ sql ] [ SQL ] SHOW COLUMNS FROM `dp_admin_menu` [ RunTime:0.019651s ]
[ sql ] [ SQL ] SELECT `id`,`url_value` FROM `dp_admin_menu` WHERE  `id` = in [ RunTime:0.000507s ]
[ sql ] [ SQL ] SHOW COLUMNS FROM `dp_admin_message` [ RunTime:0.019028s ]
[ sql ] [ SQL ] SELECT COUNT(*) AS tp_count FROM `dp_admin_message` WHERE  `status` = 0  AND `uid_receive` = 1 [ RunTime:0.001050s ]
[ sql ] [ SQL ] SHOW COLUMNS FROM `dp_admin_icon` [ RunTime:0.013507s ]
[ sql ] [ SQL ] SELECT * FROM `dp_admin_icon` WHERE  `status` = 1 [ RunTime:0.001062s ]
[ sql ] [ SQL ] SHOW COLUMNS FROM `dp_admin_config` [ RunTime:0.017211s ]
[ sql ] [ SQL ] SELECT `value` FROM `dp_admin_config` WHERE  `id` = 1 LIMIT 1 [ RunTime:0.001585s ]
[ sql ] [ SQL ] SHOW COLUMNS FROM `dp_admin_user` [ RunTime:0.016245s ]
[ sql ] [ SQL ] SELECT `password` FROM `dp_admin_user` WHERE  `id` = 1 LIMIT 1 [ RunTime:0.000548s ]
[ sql ] [ SQL ] SELECT `avatar` FROM `dp_admin_user` WHERE  `id` = 1 LIMIT 1 [ RunTime:0.000883s ]
[ sql ] [ SQL ] SHOW COLUMNS FROM `dp_admin_attachment` [ RunTime:0.019025s ]
[ sql ] [ SQL ] SELECT * FROM `dp_admin_attachment` WHERE  `id` = 242 LIMIT 1 [ RunTime:0.001236s ]
[ sql ] [ SQL ] SELECT `avatar` FROM `dp_admin_user` WHERE  `id` = 1 LIMIT 1 [ RunTime:0.000449s ]
[ sql ] [ SQL ] SELECT * FROM `dp_admin_attachment` WHERE  `id` = 242 LIMIT 1 [ RunTime:0.000543s ]
[ sql ] [ DB ] CONNECT:[ UseTime:0.006020s ] mysql:host=127.0.0.1;port=3306;dbname=hamburg;charset=utf8
[ sql ] [ SQL ] select version() as version [ RunTime:0.002128s ]
---------------------------------------------------------------

[2020-06-17T10:20:01+08:00] 127.0.0.1 GET hamburg.com/index.php
[运行时间：1.407237s] [吞吐率：0.71req/s] [内存消耗：3,504.78kb] [文件加载：110]
[ info ] [ LANG ] F:\Project\hamburg\thinkphp\lang\zh-cn.php
[ info ] [ ROUTE ] array (
)
[ info ] [ HEADER ] array (
  'cookie' => 'PHPSESSID=7clpbegq8jvqm4rrce9potiotj; Hm_lvt_df73c308692c42e8633d774bf43c1c54=1592210798; dolphin___forward__=%2Fadmin.php%2Fadmin%2Fnavigation%2Findex.html',
  'accept-language' => 'zh-CN,zh;q=0.9',
  'accept-encoding' => 'gzip, deflate',
  'referer' => 'http://hamburg.com/admin.php/admin',
  'accept' => 'text/html,application/xhtml+xml,application/xml;q=0.9,image/webp,image/apng,*/*;q=0.8,application/signed-exchange;v=b3;q=0.9',
  'user-agent' => 'Mozilla/5.0 (Windows NT 10.0; Win64; x64) AppleWebKit/537.36 (KHTML, like Gecko) Chrome/83.0.4103.97 Safari/537.36',
  'upgrade-insecure-requests' => '1',
  'cache-control' => 'max-age=0',
  'connection' => 'close',
  'host' => 'hamburg.com',
)
[ info ] [ PARAM ] array (
)
[ info ] [ DB ] INIT mysql
[ info ] [ VIEW ] F:\Project\hamburg\application\index\view\index\index.html [ array (
  0 => 'title',
  1 => 'config',
  2 => 'nav',
  3 => 'menu',
  4 => 'nav_pid',
  5 => 'nav_id',
  6 => 'banner',
  7 => 'roll',
  8 => 'news',
  9 => 'store',
  10 => 'card',
) ]
[ sql ] [ DB ] CONNECT:[ UseTime:0.001914s ] mysql:host=127.0.0.1;port=3306;dbname=hamburg;charset=utf8
[ sql ] [ SQL ] SHOW COLUMNS FROM `dp_home_navigation` [ RunTime:0.032794s ]
[ sql ] [ SQL ] SELECT `id`,`pid`,`title` FROM `dp_home_navigation` WHERE  `url_value` = 'index/index/index'  AND `pid` <> 0 LIMIT 1 [ RunTime:0.000946s ]
[ sql ] [ SQL ] SELECT `id`,`title` FROM `dp_home_navigation` WHERE  `url_value` = 'index/index/index'  AND `pid` = 0 LIMIT 1 [ RunTime:0.000366s ]
[ sql ] [ SQL ] SELECT `id`,`title`,`korean`,`url_value`,`params` FROM `dp_home_navigation` WHERE  `pid` = 1 ORDER BY `sort` [ RunTime:0.000565s ]
[ sql ] [ SQL ] SHOW COLUMNS FROM `dp_home_page_img` [ RunTime:0.026191s ]
[ sql ] [ SQL ] SELECT `id`,`alt`,`title`,`img` FROM `dp_home_page_img` WHERE  ( find_in_set('0',pid) ) ORDER BY `sort` LIMIT 1 [ RunTime:0.000650s ]
[ sql ] [ SQL ] SHOW COLUMNS FROM `dp_configuration` [ RunTime:0.030660s ]
[ sql ] [ SQL ] SELECT * FROM `dp_configuration` WHERE  `id` = 1 LIMIT 1 [ RunTime:0.001263s ]
[ sql ] [ SQL ] SELECT `id`,`title`,`korean`,`url_value`,`params` FROM `dp_home_navigation` WHERE  `pid` = 0  AND `status` = 1 ORDER BY `sort` [ RunTime:0.003140s ]
[ sql ] [ SQL ] SELECT `id`,`title`,`korean`,`url_value`,`params` FROM `dp_home_navigation` WHERE  `pid` = 1  AND `status` = 1 ORDER BY `sort` [ RunTime:0.000830s ]
[ sql ] [ SQL ] SELECT `id`,`title`,`korean`,`url_value`,`params` FROM `dp_home_navigation` WHERE  `pid` = 2  AND `status` = 1 ORDER BY `sort` [ RunTime:0.000739s ]
[ sql ] [ SQL ] SELECT `id`,`title`,`korean`,`url_value`,`params` FROM `dp_home_navigation` WHERE  `pid` = 9  AND `status` = 1 ORDER BY `sort` [ RunTime:0.001087s ]
[ sql ] [ SQL ] SELECT `id`,`title`,`korean`,`url_value`,`params` FROM `dp_home_navigation` WHERE  `pid` = 7  AND `status` = 1 ORDER BY `sort` [ RunTime:0.000975s ]
[ sql ] [ SQL ] SELECT `id`,`title`,`korean`,`url_value`,`params` FROM `dp_home_navigation` WHERE  `pid` = 20  AND `status` = 1 ORDER BY `sort` [ RunTime:0.000694s ]
[ sql ] [ SQL ] SELECT `id`,`title`,`korean`,`url_value`,`params` FROM `dp_home_navigation` WHERE  `pid` = 27  AND `status` = 1 ORDER BY `sort` [ RunTime:0.000423s ]
[ sql ] [ SQL ] SELECT `id`,`title`,`korean`,`url_value`,`params` FROM `dp_home_navigation` WHERE  `pid` = 35  AND `status` = 1 ORDER BY `sort` [ RunTime:0.000469s ]
[ sql ] [ SQL ] SHOW COLUMNS FROM `dp_home_banner` [ RunTime:0.020759s ]
[ sql ] [ SQL ] SELECT `id`,`title`,`alt`,`img` FROM `dp_home_banner` WHERE  `status` = 1 ORDER BY `sort` LIMIT 15 [ RunTime:0.001871s ]
[ sql ] [ SQL ] SHOW COLUMNS FROM `dp_home_roll` [ RunTime:0.021255s ]
[ sql ] [ SQL ] SELECT `id`,`title`,`alt`,`img` FROM `dp_home_roll` WHERE  `status` = 1 ORDER BY `sort` LIMIT 15 [ RunTime:0.001296s ]
[ sql ] [ SQL ] SHOW COLUMNS FROM `dp_home_news` [ RunTime:0.030254s ]
[ sql ] [ SQL ] SELECT `id`,`pid`,`title`,`time` FROM `dp_home_news` WHERE  `status` = 1  AND `is_tui` = 1 ORDER BY `sort` LIMIT 15 [ RunTime:0.009662s ]
[ sql ] [ SQL ] SHOW COLUMNS FROM `dp_home_store` [ RunTime:0.021208s ]
[ sql ] [ SQL ] SELECT `id`,`pid`,`title`,`img` FROM `dp_home_store` WHERE  `status` = 1  AND `is_tui` = 1 ORDER BY `sort` LIMIT 15 [ RunTime:0.001115s ]
[ sql ] [ SQL ] SHOW COLUMNS FROM `dp_home_card` [ RunTime:0.022602s ]
[ sql ] [ SQL ] SELECT `id`,`title`,`alt`,`img` FROM `dp_home_card` WHERE  `status` = 1 ORDER BY `sort` LIMIT 3 [ RunTime:0.000845s ]
[ sql ] [ SQL ] SHOW COLUMNS FROM `dp_admin_attachment` [ RunTime:0.025037s ]
[ sql ] [ SQL ] SELECT * FROM `dp_admin_attachment` WHERE  `id` = 293 LIMIT 1 [ RunTime:0.002077s ]
[ sql ] [ SQL ] SELECT * FROM `dp_admin_attachment` WHERE  `id` = 309 LIMIT 1 [ RunTime:0.002044s ]
[ sql ] [ SQL ] SELECT * FROM `dp_admin_attachment` WHERE  `id` = 310 LIMIT 1 [ RunTime:0.000862s ]
[ sql ] [ SQL ] SELECT * FROM `dp_admin_attachment` WHERE  `id` = 311 LIMIT 1 [ RunTime:0.000450s ]
[ sql ] [ SQL ] SELECT * FROM `dp_admin_attachment` WHERE  `id` = 312 LIMIT 1 [ RunTime:0.000456s ]
[ sql ] [ SQL ] SELECT * FROM `dp_admin_attachment` WHERE  `id` = 313 LIMIT 1 [ RunTime:0.000471s ]
[ sql ] [ SQL ] SELECT * FROM `dp_admin_attachment` WHERE  `id` = 314 LIMIT 1 [ RunTime:0.000530s ]
[ sql ] [ SQL ] SELECT * FROM `dp_admin_attachment` WHERE  `id` = 315 LIMIT 1 [ RunTime:0.000523s ]
[ sql ] [ SQL ] SELECT * FROM `dp_admin_attachment` WHERE  `id` = 294 LIMIT 1 [ RunTime:0.002874s ]
[ sql ] [ SQL ] SELECT * FROM `dp_admin_attachment` WHERE  `id` = 295 LIMIT 1 [ RunTime:0.001440s ]
[ sql ] [ SQL ] SELECT * FROM `dp_admin_attachment` WHERE  `id` = 296 LIMIT 1 [ RunTime:0.000428s ]
[ sql ] [ SQL ] SELECT * FROM `dp_admin_attachment` WHERE  `id` = 299 LIMIT 1 [ RunTime:0.000350s ]
[ sql ] [ SQL ] SELECT * FROM `dp_admin_attachment` WHERE  `id` = 300 LIMIT 1 [ RunTime:0.000548s ]
[ sql ] [ SQL ] SELECT * FROM `dp_admin_attachment` WHERE  `id` = 302 LIMIT 1 [ RunTime:0.000367s ]
[ sql ] [ SQL ] SELECT * FROM `dp_admin_attachment` WHERE  `id` = 316 LIMIT 1 [ RunTime:0.000330s ]
[ sql ] [ SQL ] SELECT * FROM `dp_admin_attachment` WHERE  `id` = 317 LIMIT 1 [ RunTime:0.000488s ]
[ sql ] [ SQL ] SELECT * FROM `dp_admin_attachment` WHERE  `id` = 318 LIMIT 1 [ RunTime:0.000382s ]
[ sql ] [ SQL ] SELECT * FROM `dp_admin_attachment` WHERE  `id` = 319 LIMIT 1 [ RunTime:0.000459s ]
[ sql ] [ SQL ] SELECT * FROM `dp_admin_attachment` WHERE  `id` = 320 LIMIT 1 [ RunTime:0.000427s ]
[ sql ] [ SQL ] SELECT * FROM `dp_admin_attachment` WHERE  `id` = 321 LIMIT 1 [ RunTime:0.000378s ]
[ sql ] [ SQL ] SELECT * FROM `dp_admin_attachment` WHERE  `id` = 322 LIMIT 1 [ RunTime:0.000314s ]
[ sql ] [ SQL ] SELECT * FROM `dp_admin_attachment` WHERE  `id` = 323 LIMIT 1 [ RunTime:0.000607s ]
[ sql ] [ SQL ] SELECT * FROM `dp_admin_attachment` WHERE  `id` = 326 LIMIT 1 [ RunTime:0.000639s ]
[ sql ] [ SQL ] SELECT * FROM `dp_admin_attachment` WHERE  `id` = 325 LIMIT 1 [ RunTime:0.000503s ]
[ sql ] [ SQL ] SELECT * FROM `dp_admin_attachment` WHERE  `id` = 324 LIMIT 1 [ RunTime:0.000591s ]
[ sql ] [ SQL ] SELECT * FROM `dp_admin_attachment` WHERE  `id` = 327 LIMIT 1 [ RunTime:0.000593s ]
[ sql ] [ SQL ] SELECT * FROM `dp_admin_attachment` WHERE  `id` = 328 LIMIT 1 [ RunTime:0.000629s ]
[ sql ] [ SQL ] SELECT * FROM `dp_admin_attachment` WHERE  `id` = 329 LIMIT 1 [ RunTime:0.000827s ]
[ sql ] [ SQL ] SELECT * FROM `dp_admin_attachment` WHERE  `id` = 330 LIMIT 1 [ RunTime:0.000563s ]
[ sql ] [ SQL ] SELECT * FROM `dp_admin_attachment` WHERE  `id` = 331 LIMIT 1 [ RunTime:0.001954s ]
[ sql ] [ SQL ] SELECT * FROM `dp_admin_attachment` WHERE  `id` = 293 LIMIT 1 [ RunTime:0.000988s ]
[ sql ] [ SQL ] SELECT * FROM `dp_admin_attachment` WHERE  `id` = 308 LIMIT 1 [ RunTime:0.000784s ]
[ sql ] [ SQL ] SELECT * FROM `dp_admin_attachment` WHERE  `id` = 307 LIMIT 1 [ RunTime:0.000705s ]
---------------------------------------------------------------

[2020-06-17T13:07:50+08:00] 127.0.0.1 GET hamburg.com/admin
[运行时间：0.534430s] [吞吐率：1.87req/s] [内存消耗：1,594.63kb] [文件加载：71]
[ info ] [ LANG ] F:\Project\hamburg\thinkphp\lang\zh-cn.php
---------------------------------------------------------------

[2020-06-17T13:07:51+08:00] 127.0.0.1 GET hamburg.com/admin.php/admin
[运行时间：0.828329s] [吞吐率：1.21req/s] [内存消耗：3,371.54kb] [文件加载：114]
[ info ] [ LANG ] F:\Project\hamburg\thinkphp\lang\zh-cn.php
[ info ] [ ROUTE ] array (
)
[ info ] [ HEADER ] array (
  'cookie' => 'PHPSESSID=7clpbegq8jvqm4rrce9potiotj; dolphin___forward__=%2Fadmin.php%2Fadmin%2Fnavigation%2Findex.html',
  'accept-language' => 'zh-CN,zh;q=0.9',
  'accept-encoding' => 'gzip, deflate',
  'accept' => 'text/html,application/xhtml+xml,application/xml;q=0.9,image/webp,image/apng,*/*;q=0.8,application/signed-exchange;v=b3;q=0.9',
  'user-agent' => 'Mozilla/5.0 (Windows NT 10.0; Win64; x64) AppleWebKit/537.36 (KHTML, like Gecko) Chrome/83.0.4103.97 Safari/537.36',
  'upgrade-insecure-requests' => '1',
  'connection' => 'close',
  'host' => 'hamburg.com',
)
[ info ] [ PARAM ] array (
)
[ info ] [ DB ] INIT mysql
[ info ] [ VIEW ] F:\Project\hamburg\application\admin\view\index\index.html [ array (
  0 => '_admin_base_layout',
  1 => 'system_color',
  2 => '_pop',
  3 => '_top_menus',
  4 => '_top_menus_all',
  5 => '_sidebar_menus',
  6 => '_location',
  7 => '_message',
  8 => '_icons',
  9 => 'aside',
  10 => 'default_pass',
) ]
[ info ] [ VIEW ] F:\Project\hamburg\plugins/SystemInfo/view/widget.html [ array (
  0 => '_admin_base_layout',
  1 => 'system_color',
  2 => '_pop',
  3 => '_top_menus',
  4 => '_top_menus_all',
  5 => '_sidebar_menus',
  6 => '_location',
  7 => '_message',
  8 => '_icons',
  9 => 'aside',
  10 => 'default_pass',
  11 => 'display',
  12 => 'width',
) ]
[ info ] [ DB ] INIT mysql
[ info ] [ VIEW ] F:\Project\hamburg\plugins/DevTeam/view/widget.html [ array (
  0 => '_admin_base_layout',
  1 => 'system_color',
  2 => '_pop',
  3 => '_top_menus',
  4 => '_top_menus_all',
  5 => '_sidebar_menus',
  6 => '_location',
  7 => '_message',
  8 => '_icons',
  9 => 'aside',
  10 => 'default_pass',
  11 => 'display',
  12 => 'width',
) ]
[ sql ] [ DB ] CONNECT:[ UseTime:0.007138s ] mysql:host=127.0.0.1;port=3306;dbname=hamburg;charset=utf8
[ sql ] [ SQL ] SHOW COLUMNS FROM `dp_admin_role` [ RunTime:0.018300s ]
[ sql ] [ SQL ] SELECT `menu_auth` FROM `dp_admin_role` WHERE  `id` = 1 LIMIT 1 [ RunTime:0.000717s ]
[ sql ] [ SQL ] SHOW COLUMNS FROM `dp_admin_menu` [ RunTime:0.016711s ]
[ sql ] [ SQL ] SELECT `id`,`url_value` FROM `dp_admin_menu` WHERE  `id` = in [ RunTime:0.000815s ]
[ sql ] [ SQL ] SHOW COLUMNS FROM `dp_admin_message` [ RunTime:0.013832s ]
[ sql ] [ SQL ] SELECT COUNT(*) AS tp_count FROM `dp_admin_message` WHERE  `status` = 0  AND `uid_receive` = 1 [ RunTime:0.000345s ]
[ sql ] [ SQL ] SHOW COLUMNS FROM `dp_admin_icon` [ RunTime:0.013343s ]
[ sql ] [ SQL ] SELECT * FROM `dp_admin_icon` WHERE  `status` = 1 [ RunTime:0.000542s ]
[ sql ] [ SQL ] SHOW COLUMNS FROM `dp_admin_config` [ RunTime:0.013908s ]
[ sql ] [ SQL ] SELECT `value` FROM `dp_admin_config` WHERE  `id` = 1 LIMIT 1 [ RunTime:0.001201s ]
[ sql ] [ SQL ] SHOW COLUMNS FROM `dp_admin_user` [ RunTime:0.016201s ]
[ sql ] [ SQL ] SELECT `password` FROM `dp_admin_user` WHERE  `id` = 1 LIMIT 1 [ RunTime:0.000527s ]
[ sql ] [ SQL ] SELECT `avatar` FROM `dp_admin_user` WHERE  `id` = 1 LIMIT 1 [ RunTime:0.000673s ]
[ sql ] [ SQL ] SHOW COLUMNS FROM `dp_admin_attachment` [ RunTime:0.015665s ]
[ sql ] [ SQL ] SELECT * FROM `dp_admin_attachment` WHERE  `id` = 242 LIMIT 1 [ RunTime:0.001553s ]
[ sql ] [ SQL ] SELECT `avatar` FROM `dp_admin_user` WHERE  `id` = 1 LIMIT 1 [ RunTime:0.000487s ]
[ sql ] [ SQL ] SELECT * FROM `dp_admin_attachment` WHERE  `id` = 242 LIMIT 1 [ RunTime:0.000552s ]
[ sql ] [ DB ] CONNECT:[ UseTime:0.011854s ] mysql:host=127.0.0.1;port=3306;dbname=hamburg;charset=utf8
[ sql ] [ SQL ] select version() as version [ RunTime:0.000347s ]
---------------------------------------------------------------

[2020-06-17T13:07:52+08:00] 127.0.0.1 GET hamburg.com/admin.php/admin/index/checkupdate.html
[运行时间：0.487801s] [吞吐率：2.05req/s] [内存消耗：2,995.94kb] [文件加载：98]
[ info ] [ LANG ] F:\Project\hamburg\thinkphp\lang\zh-cn.php
[ info ] [ ROUTE ] array (
)
[ info ] [ HEADER ] array (
  'cookie' => 'PHPSESSID=7clpbegq8jvqm4rrce9potiotj; dolphin___forward__=%2Fadmin.php%2Fadmin%2Fnavigation%2Findex.html',
  'accept-language' => 'zh-CN,zh;q=0.9',
  'accept-encoding' => 'gzip, deflate',
  'referer' => 'http://hamburg.com/admin.php/admin',
  'x-requested-with' => 'XMLHttpRequest',
  'user-agent' => 'Mozilla/5.0 (Windows NT 10.0; Win64; x64) AppleWebKit/537.36 (KHTML, like Gecko) Chrome/83.0.4103.97 Safari/537.36',
  'accept' => '*/*',
  'connection' => 'close',
  'host' => 'hamburg.com',
)
[ info ] [ PARAM ] array (
)
[ info ] [ DB ] INIT mysql
[ info ] [ DB ] INIT mysql
[ sql ] [ DB ] CONNECT:[ UseTime:0.001484s ] mysql:host=127.0.0.1;port=3306;dbname=hamburg;charset=utf8
[ sql ] [ SQL ] SHOW COLUMNS FROM `dp_admin_role` [ RunTime:0.014039s ]
[ sql ] [ SQL ] SELECT `menu_auth` FROM `dp_admin_role` WHERE  `id` = 1 LIMIT 1 [ RunTime:0.000586s ]
[ sql ] [ SQL ] SHOW COLUMNS FROM `dp_admin_menu` [ RunTime:0.011334s ]
[ sql ] [ SQL ] SELECT `id`,`url_value` FROM `dp_admin_menu` WHERE  `id` = in [ RunTime:0.000514s ]
[ sql ] [ DB ] CONNECT:[ UseTime:0.011520s ] mysql:host=127.0.0.1;port=3306;dbname=hamburg;charset=utf8
[ sql ] [ SQL ] select version() as version [ RunTime:0.000239s ]
---------------------------------------------------------------

[2020-06-17T13:07:54+08:00] 127.0.0.1 GET hamburg.com/index.php
[运行时间：0.516802s] [吞吐率：1.93req/s] [内存消耗：3,272.33kb] [文件加载：108]
[ info ] [ LANG ] F:\Project\hamburg\thinkphp\lang\zh-cn.php
[ info ] [ ROUTE ] array (
)
[ info ] [ HEADER ] array (
  'cookie' => 'PHPSESSID=7clpbegq8jvqm4rrce9potiotj; dolphin___forward__=%2Fadmin.php%2Fadmin%2Fnavigation%2Findex.html',
  'accept-language' => 'zh-CN,zh;q=0.9',
  'accept-encoding' => 'gzip, deflate',
  'referer' => 'http://hamburg.com/admin.php/admin',
  'accept' => 'text/html,application/xhtml+xml,application/xml;q=0.9,image/webp,image/apng,*/*;q=0.8,application/signed-exchange;v=b3;q=0.9',
  'user-agent' => 'Mozilla/5.0 (Windows NT 10.0; Win64; x64) AppleWebKit/537.36 (KHTML, like Gecko) Chrome/83.0.4103.97 Safari/537.36',
  'upgrade-insecure-requests' => '1',
  'connection' => 'close',
  'host' => 'hamburg.com',
)
[ info ] [ PARAM ] array (
)
[ info ] [ DB ] INIT mysql
[ info ] [ VIEW ] F:\Project\hamburg\application\index\view\index\index.html [ array (
  0 => 'title',
  1 => 'config',
  2 => 'nav',
  3 => 'menu',
  4 => 'nav_pid',
  5 => 'nav_id',
  6 => 'banner',
  7 => 'roll',
  8 => 'news',
  9 => 'store',
  10 => 'card',
) ]
[ sql ] [ DB ] CONNECT:[ UseTime:0.001826s ] mysql:host=127.0.0.1;port=3306;dbname=hamburg;charset=utf8
[ sql ] [ SQL ] SHOW COLUMNS FROM `dp_home_navigation` [ RunTime:0.027880s ]
[ sql ] [ SQL ] SELECT `id`,`pid`,`title` FROM `dp_home_navigation` WHERE  `url_value` = 'index/index/index'  AND `pid` <> 0 LIMIT 1 [ RunTime:0.001383s ]
[ sql ] [ SQL ] SELECT `id`,`title` FROM `dp_home_navigation` WHERE  `url_value` = 'index/index/index'  AND `pid` = 0 LIMIT 1 [ RunTime:0.000549s ]
[ sql ] [ SQL ] SELECT `id`,`title`,`korean`,`url_value`,`params` FROM `dp_home_navigation` WHERE  `pid` = 1 ORDER BY `sort` [ RunTime:0.000588s ]
[ sql ] [ SQL ] SHOW COLUMNS FROM `dp_home_page_img` [ RunTime:0.021298s ]
[ sql ] [ SQL ] SELECT `id`,`alt`,`title`,`img` FROM `dp_home_page_img` WHERE  ( find_in_set('0',pid) ) ORDER BY `sort` LIMIT 1 [ RunTime:0.002686s ]
[ sql ] [ SQL ] SHOW COLUMNS FROM `dp_configuration` [ RunTime:0.018983s ]
[ sql ] [ SQL ] SELECT * FROM `dp_configuration` WHERE  `id` = 1 LIMIT 1 [ RunTime:0.001070s ]
[ sql ] [ SQL ] SELECT `id`,`title`,`korean`,`url_value`,`params` FROM `dp_home_navigation` WHERE  `pid` = 0  AND `status` = 1 ORDER BY `sort` [ RunTime:0.000961s ]
[ sql ] [ SQL ] SELECT `id`,`title`,`korean`,`url_value`,`params` FROM `dp_home_navigation` WHERE  `pid` = 1  AND `status` = 1 ORDER BY `sort` [ RunTime:0.000684s ]
[ sql ] [ SQL ] SELECT `id`,`title`,`korean`,`url_value`,`params` FROM `dp_home_navigation` WHERE  `pid` = 2  AND `status` = 1 ORDER BY `sort` [ RunTime:0.001292s ]
[ sql ] [ SQL ] SELECT `id`,`title`,`korean`,`url_value`,`params` FROM `dp_home_navigation` WHERE  `pid` = 9  AND `status` = 1 ORDER BY `sort` [ RunTime:0.001484s ]
[ sql ] [ SQL ] SELECT `id`,`title`,`korean`,`url_value`,`params` FROM `dp_home_navigation` WHERE  `pid` = 7  AND `status` = 1 ORDER BY `sort` [ RunTime:0.000598s ]
[ sql ] [ SQL ] SELECT `id`,`title`,`korean`,`url_value`,`params` FROM `dp_home_navigation` WHERE  `pid` = 20  AND `status` = 1 ORDER BY `sort` [ RunTime:0.000603s ]
[ sql ] [ SQL ] SELECT `id`,`title`,`korean`,`url_value`,`params` FROM `dp_home_navigation` WHERE  `pid` = 27  AND `status` = 1 ORDER BY `sort` [ RunTime:0.000624s ]
[ sql ] [ SQL ] SELECT `id`,`title`,`korean`,`url_value`,`params` FROM `dp_home_navigation` WHERE  `pid` = 35  AND `status` = 1 ORDER BY `sort` [ RunTime:0.000515s ]
[ sql ] [ SQL ] SHOW COLUMNS FROM `dp_home_banner` [ RunTime:0.017771s ]
[ sql ] [ SQL ] SELECT `id`,`title`,`alt`,`img` FROM `dp_home_banner` WHERE  `status` = 1 ORDER BY `sort` LIMIT 15 [ RunTime:0.001289s ]
[ sql ] [ SQL ] SHOW COLUMNS FROM `dp_home_roll` [ RunTime:0.020233s ]
[ sql ] [ SQL ] SELECT `id`,`title`,`alt`,`img` FROM `dp_home_roll` WHERE  `status` = 1 ORDER BY `sort` LIMIT 15 [ RunTime:0.000894s ]
[ sql ] [ SQL ] SHOW COLUMNS FROM `dp_home_news` [ RunTime:0.015648s ]
[ sql ] [ SQL ] SELECT `id`,`pid`,`title`,`time` FROM `dp_home_news` WHERE  `status` = 1  AND `is_tui` = 1 ORDER BY `sort` LIMIT 15 [ RunTime:0.008478s ]
[ sql ] [ SQL ] SHOW COLUMNS FROM `dp_home_store` [ RunTime:0.018947s ]
[ sql ] [ SQL ] SELECT `id`,`pid`,`title`,`img` FROM `dp_home_store` WHERE  `status` = 1  AND `is_tui` = 1 ORDER BY `sort` LIMIT 15 [ RunTime:0.001249s ]
[ sql ] [ SQL ] SHOW COLUMNS FROM `dp_home_card` [ RunTime:0.020898s ]
[ sql ] [ SQL ] SELECT `id`,`title`,`alt`,`img` FROM `dp_home_card` WHERE  `status` = 1 ORDER BY `sort` LIMIT 3 [ RunTime:0.002356s ]
[ sql ] [ SQL ] SHOW COLUMNS FROM `dp_admin_attachment` [ RunTime:0.013524s ]
[ sql ] [ SQL ] SELECT * FROM `dp_admin_attachment` WHERE  `id` = 293 LIMIT 1 [ RunTime:0.001216s ]
[ sql ] [ SQL ] SELECT * FROM `dp_admin_attachment` WHERE  `id` = 309 LIMIT 1 [ RunTime:0.000784s ]
[ sql ] [ SQL ] SELECT * FROM `dp_admin_attachment` WHERE  `id` = 310 LIMIT 1 [ RunTime:0.000653s ]
[ sql ] [ SQL ] SELECT * FROM `dp_admin_attachment` WHERE  `id` = 311 LIMIT 1 [ RunTime:0.000565s ]
[ sql ] [ SQL ] SELECT * FROM `dp_admin_attachment` WHERE  `id` = 312 LIMIT 1 [ RunTime:0.000768s ]
[ sql ] [ SQL ] SELECT * FROM `dp_admin_attachment` WHERE  `id` = 313 LIMIT 1 [ RunTime:0.000720s ]
[ sql ] [ SQL ] SELECT * FROM `dp_admin_attachment` WHERE  `id` = 314 LIMIT 1 [ RunTime:0.000579s ]
[ sql ] [ SQL ] SELECT * FROM `dp_admin_attachment` WHERE  `id` = 315 LIMIT 1 [ RunTime:0.000483s ]
[ sql ] [ SQL ] SELECT * FROM `dp_admin_attachment` WHERE  `id` = 294 LIMIT 1 [ RunTime:0.000503s ]
[ sql ] [ SQL ] SELECT * FROM `dp_admin_attachment` WHERE  `id` = 295 LIMIT 1 [ RunTime:0.000498s ]
[ sql ] [ SQL ] SELECT * FROM `dp_admin_attachment` WHERE  `id` = 296 LIMIT 1 [ RunTime:0.000712s ]
[ sql ] [ SQL ] SELECT * FROM `dp_admin_attachment` WHERE  `id` = 299 LIMIT 1 [ RunTime:0.000711s ]
[ sql ] [ SQL ] SELECT * FROM `dp_admin_attachment` WHERE  `id` = 300 LIMIT 1 [ RunTime:0.000974s ]
[ sql ] [ SQL ] SELECT * FROM `dp_admin_attachment` WHERE  `id` = 302 LIMIT 1 [ RunTime:0.000882s ]
[ sql ] [ SQL ] SELECT * FROM `dp_admin_attachment` WHERE  `id` = 316 LIMIT 1 [ RunTime:0.001196s ]
[ sql ] [ SQL ] SELECT * FROM `dp_admin_attachment` WHERE  `id` = 317 LIMIT 1 [ RunTime:0.000641s ]
[ sql ] [ SQL ] SELECT * FROM `dp_admin_attachment` WHERE  `id` = 318 LIMIT 1 [ RunTime:0.000482s ]
[ sql ] [ SQL ] SELECT * FROM `dp_admin_attachment` WHERE  `id` = 319 LIMIT 1 [ RunTime:0.001054s ]
[ sql ] [ SQL ] SELECT * FROM `dp_admin_attachment` WHERE  `id` = 320 LIMIT 1 [ RunTime:0.000759s ]
[ sql ] [ SQL ] SELECT * FROM `dp_admin_attachment` WHERE  `id` = 321 LIMIT 1 [ RunTime:0.000722s ]
[ sql ] [ SQL ] SELECT * FROM `dp_admin_attachment` WHERE  `id` = 322 LIMIT 1 [ RunTime:0.000568s ]
[ sql ] [ SQL ] SELECT * FROM `dp_admin_attachment` WHERE  `id` = 323 LIMIT 1 [ RunTime:0.000612s ]
[ sql ] [ SQL ] SELECT * FROM `dp_admin_attachment` WHERE  `id` = 326 LIMIT 1 [ RunTime:0.000515s ]
[ sql ] [ SQL ] SELECT * FROM `dp_admin_attachment` WHERE  `id` = 325 LIMIT 1 [ RunTime:0.000513s ]
[ sql ] [ SQL ] SELECT * FROM `dp_admin_attachment` WHERE  `id` = 324 LIMIT 1 [ RunTime:0.000501s ]
[ sql ] [ SQL ] SELECT * FROM `dp_admin_attachment` WHERE  `id` = 327 LIMIT 1 [ RunTime:0.000469s ]
[ sql ] [ SQL ] SELECT * FROM `dp_admin_attachment` WHERE  `id` = 328 LIMIT 1 [ RunTime:0.000454s ]
[ sql ] [ SQL ] SELECT * FROM `dp_admin_attachment` WHERE  `id` = 329 LIMIT 1 [ RunTime:0.000842s ]
[ sql ] [ SQL ] SELECT * FROM `dp_admin_attachment` WHERE  `id` = 330 LIMIT 1 [ RunTime:0.000551s ]
[ sql ] [ SQL ] SELECT * FROM `dp_admin_attachment` WHERE  `id` = 331 LIMIT 1 [ RunTime:0.000574s ]
[ sql ] [ SQL ] SELECT * FROM `dp_admin_attachment` WHERE  `id` = 293 LIMIT 1 [ RunTime:0.000833s ]
[ sql ] [ SQL ] SELECT * FROM `dp_admin_attachment` WHERE  `id` = 308 LIMIT 1 [ RunTime:0.001087s ]
[ sql ] [ SQL ] SELECT * FROM `dp_admin_attachment` WHERE  `id` = 307 LIMIT 1 [ RunTime:0.000644s ]
---------------------------------------------------------------

[2020-06-17T14:44:29+08:00] 127.0.0.1 GET hamburg.com/index.php/index/news/index.html?cat=1&id=3
[运行时间：1.145942s] [吞吐率：0.87req/s] [内存消耗：3,070.39kb] [文件加载：104]
[ info ] [ LANG ] F:\Project\hamburg\thinkphp\lang\zh-cn.php
[ info ] [ ROUTE ] array (
)
[ info ] [ HEADER ] array (
  'cookie' => 'PHPSESSID=7clpbegq8jvqm4rrce9potiotj; dolphin___forward__=%2Fadmin.php%2Fadmin%2Fnavigation%2Findex.html; Hm_lvt_df73c308692c42e8633d774bf43c1c54=1592370475; Hm_lpvt_df73c308692c42e8633d774bf43c1c54=1592370475',
  'accept-language' => 'zh-CN,zh;q=0.9',
  'accept-encoding' => 'gzip, deflate',
  'referer' => 'http://hamburg.com/index.php',
  'accept' => 'text/html,application/xhtml+xml,application/xml;q=0.9,image/webp,image/apng,*/*;q=0.8,application/signed-exchange;v=b3;q=0.9',
  'user-agent' => 'Mozilla/5.0 (Windows NT 10.0; Win64; x64) AppleWebKit/537.36 (KHTML, like Gecko) Chrome/83.0.4103.97 Safari/537.36',
  'upgrade-insecure-requests' => '1',
  'connection' => 'close',
  'host' => 'hamburg.com',
)
[ info ] [ PARAM ] array (
  'cat' => '1',
  'id' => '3',
)
[ info ] [ DB ] INIT mysql
[ info ] [ VIEW ] F:\Project\hamburg\application\index\view\news\index.html [ array (
  0 => 'n_img',
  1 => 'title',
  2 => 'config',
  3 => 'nav',
  4 => 'menu',
  5 => 'nav_pid',
  6 => 'nav_id',
  7 => 'details',
  8 => 'up',
  9 => 'lo',
  10 => 'cat',
) ]
[ sql ] [ DB ] CONNECT:[ UseTime:0.012480s ] mysql:host=127.0.0.1;port=3306;dbname=hamburg;charset=utf8
[ sql ] [ SQL ] SHOW COLUMNS FROM `dp_home_navigation` [ RunTime:0.016060s ]
[ sql ] [ SQL ] SELECT `id`,`pid`,`title` FROM `dp_home_navigation` WHERE  `url_value` = 'index/news/index'  AND `pid` <> 0  AND ( find_in_set('cat=1',params) ) LIMIT 1 [ RunTime:0.001359s ]
[ sql ] [ SQL ] SELECT `id`,`title`,`korean`,`url_value`,`params` FROM `dp_home_navigation` WHERE  `pid` = 27 ORDER BY `sort` [ RunTime:0.000703s ]
[ sql ] [ SQL ] SHOW COLUMNS FROM `dp_home_page_img` [ RunTime:0.012257s ]
[ sql ] [ SQL ] SELECT `id`,`alt`,`title`,`img` FROM `dp_home_page_img` WHERE  ( find_in_set('28',pid) ) ORDER BY `sort` LIMIT 1 [ RunTime:0.000643s ]
[ sql ] [ SQL ] SHOW COLUMNS FROM `dp_configuration` [ RunTime:0.017348s ]
[ sql ] [ SQL ] SELECT * FROM `dp_configuration` WHERE  `id` = 1 LIMIT 1 [ RunTime:0.000721s ]
[ sql ] [ SQL ] SELECT `id`,`title`,`korean`,`url_value`,`params` FROM `dp_home_navigation` WHERE  `pid` = 0  AND `status` = 1 ORDER BY `sort` [ RunTime:0.000658s ]
[ sql ] [ SQL ] SELECT `id`,`title`,`korean`,`url_value`,`params` FROM `dp_home_navigation` WHERE  `pid` = 1  AND `status` = 1 ORDER BY `sort` [ RunTime:0.000554s ]
[ sql ] [ SQL ] SELECT `id`,`title`,`korean`,`url_value`,`params` FROM `dp_home_navigation` WHERE  `pid` = 2  AND `status` = 1 ORDER BY `sort` [ RunTime:0.000614s ]
[ sql ] [ SQL ] SELECT `id`,`title`,`korean`,`url_value`,`params` FROM `dp_home_navigation` WHERE  `pid` = 9  AND `status` = 1 ORDER BY `sort` [ RunTime:0.000644s ]
[ sql ] [ SQL ] SELECT `id`,`title`,`korean`,`url_value`,`params` FROM `dp_home_navigation` WHERE  `pid` = 7  AND `status` = 1 ORDER BY `sort` [ RunTime:0.000699s ]
[ sql ] [ SQL ] SELECT `id`,`title`,`korean`,`url_value`,`params` FROM `dp_home_navigation` WHERE  `pid` = 20  AND `status` = 1 ORDER BY `sort` [ RunTime:0.000842s ]
[ sql ] [ SQL ] SELECT `id`,`title`,`korean`,`url_value`,`params` FROM `dp_home_navigation` WHERE  `pid` = 27  AND `status` = 1 ORDER BY `sort` [ RunTime:0.000975s ]
[ sql ] [ SQL ] SELECT `id`,`title`,`korean`,`url_value`,`params` FROM `dp_home_navigation` WHERE  `pid` = 35  AND `status` = 1 ORDER BY `sort` [ RunTime:0.000610s ]
[ sql ] [ SQL ] SHOW COLUMNS FROM `dp_home_news` [ RunTime:0.014124s ]
[ sql ] [ SQL ] SELECT `id`,`title`,`time`,`text` FROM `dp_home_news` WHERE  `id` = 3 LIMIT 1 [ RunTime:0.001453s ]
[ sql ] [ SQL ] SELECT `id`,`title` FROM `dp_home_news` WHERE  `id` < 3  AND `pid` = 1 ORDER BY `sort` LIMIT 1 [ RunTime:0.004322s ]
[ sql ] [ SQL ] SELECT `id`,`title` FROM `dp_home_news` WHERE  `id` > 3  AND `pid` = 1 ORDER BY `sort` LIMIT 1 [ RunTime:0.008720s ]
[ sql ] [ SQL ] SHOW COLUMNS FROM `dp_admin_attachment` [ RunTime:0.031625s ]
[ sql ] [ SQL ] SELECT * FROM `dp_admin_attachment` WHERE  `id` = 293 LIMIT 1 [ RunTime:0.001228s ]
[ sql ] [ SQL ] SELECT * FROM `dp_admin_attachment` WHERE  `id` = 336 LIMIT 1 [ RunTime:0.001908s ]
[ sql ] [ SQL ] SELECT * FROM `dp_admin_attachment` WHERE  `id` = 293 LIMIT 1 [ RunTime:0.001103s ]
[ sql ] [ SQL ] SELECT * FROM `dp_admin_attachment` WHERE  `id` = 308 LIMIT 1 [ RunTime:0.001334s ]
[ sql ] [ SQL ] SELECT * FROM `dp_admin_attachment` WHERE  `id` = 307 LIMIT 1 [ RunTime:0.000683s ]
---------------------------------------------------------------

[2020-06-17T14:47:21+08:00] 127.0.0.1 GET hamburg.com/index.php/index/news/index.html?cat=1&id=3
[运行时间：0.172094s] [吞吐率：5.81req/s] [内存消耗：3,070.58kb] [文件加载：104]
[ info ] [ LANG ] F:\Project\hamburg\thinkphp\lang\zh-cn.php
[ info ] [ ROUTE ] array (
)
[ info ] [ HEADER ] array (
  'cookie' => 'PHPSESSID=7clpbegq8jvqm4rrce9potiotj; dolphin___forward__=%2Fadmin.php%2Fadmin%2Fnavigation%2Findex.html; Hm_lvt_df73c308692c42e8633d774bf43c1c54=1592370475; Hm_lpvt_df73c308692c42e8633d774bf43c1c54=1592376270',
  'accept-language' => 'zh-CN,zh;q=0.9',
  'accept-encoding' => 'gzip, deflate',
  'referer' => 'http://hamburg.com/index.php',
  'accept' => 'text/html,application/xhtml+xml,application/xml;q=0.9,image/webp,image/apng,*/*;q=0.8,application/signed-exchange;v=b3;q=0.9',
  'user-agent' => 'Mozilla/5.0 (Windows NT 10.0; Win64; x64) AppleWebKit/537.36 (KHTML, like Gecko) Chrome/83.0.4103.97 Safari/537.36',
  'upgrade-insecure-requests' => '1',
  'cache-control' => 'max-age=0',
  'connection' => 'close',
  'host' => 'hamburg.com',
)
[ info ] [ PARAM ] array (
  'cat' => '1',
  'id' => '3',
)
[ info ] [ DB ] INIT mysql
[ info ] [ VIEW ] F:\Project\hamburg\application\index\view\news\index.html [ array (
  0 => 'n_img',
  1 => 'title',
  2 => 'config',
  3 => 'nav',
  4 => 'menu',
  5 => 'nav_pid',
  6 => 'nav_id',
  7 => 'details',
  8 => 'up',
  9 => 'lo',
  10 => 'cat',
) ]
[ sql ] [ DB ] CONNECT:[ UseTime:0.011266s ] mysql:host=127.0.0.1;port=3306;dbname=hamburg;charset=utf8
[ sql ] [ SQL ] SHOW COLUMNS FROM `dp_home_navigation` [ RunTime:0.010248s ]
[ sql ] [ SQL ] SELECT `id`,`pid`,`title` FROM `dp_home_navigation` WHERE  `url_value` = 'index/news/index'  AND `pid` <> 0  AND ( find_in_set('cat=1',params) ) LIMIT 1 [ RunTime:0.000765s ]
[ sql ] [ SQL ] SELECT `id`,`title`,`korean`,`url_value`,`params` FROM `dp_home_navigation` WHERE  `pid` = 27 ORDER BY `sort` [ RunTime:0.001009s ]
[ sql ] [ SQL ] SHOW COLUMNS FROM `dp_home_page_img` [ RunTime:0.010299s ]
[ sql ] [ SQL ] SELECT `id`,`alt`,`title`,`img` FROM `dp_home_page_img` WHERE  ( find_in_set('28',pid) ) ORDER BY `sort` LIMIT 1 [ RunTime:0.000448s ]
[ sql ] [ SQL ] SHOW COLUMNS FROM `dp_configuration` [ RunTime:0.009774s ]
[ sql ] [ SQL ] SELECT * FROM `dp_configuration` WHERE  `id` = 1 LIMIT 1 [ RunTime:0.000519s ]
[ sql ] [ SQL ] SELECT `id`,`title`,`korean`,`url_value`,`params` FROM `dp_home_navigation` WHERE  `pid` = 0  AND `status` = 1 ORDER BY `sort` [ RunTime:0.000645s ]
[ sql ] [ SQL ] SELECT `id`,`title`,`korean`,`url_value`,`params` FROM `dp_home_navigation` WHERE  `pid` = 1  AND `status` = 1 ORDER BY `sort` [ RunTime:0.000608s ]
[ sql ] [ SQL ] SELECT `id`,`title`,`korean`,`url_value`,`params` FROM `dp_home_navigation` WHERE  `pid` = 2  AND `status` = 1 ORDER BY `sort` [ RunTime:0.000719s ]
[ sql ] [ SQL ] SELECT `id`,`title`,`korean`,`url_value`,`params` FROM `dp_home_navigation` WHERE  `pid` = 9  AND `status` = 1 ORDER BY `sort` [ RunTime:0.000609s ]
[ sql ] [ SQL ] SELECT `id`,`title`,`korean`,`url_value`,`params` FROM `dp_home_navigation` WHERE  `pid` = 7  AND `status` = 1 ORDER BY `sort` [ RunTime:0.000600s ]
[ sql ] [ SQL ] SELECT `id`,`title`,`korean`,`url_value`,`params` FROM `dp_home_navigation` WHERE  `pid` = 20  AND `status` = 1 ORDER BY `sort` [ RunTime:0.000585s ]
[ sql ] [ SQL ] SELECT `id`,`title`,`korean`,`url_value`,`params` FROM `dp_home_navigation` WHERE  `pid` = 27  AND `status` = 1 ORDER BY `sort` [ RunTime:0.000853s ]
[ sql ] [ SQL ] SELECT `id`,`title`,`korean`,`url_value`,`params` FROM `dp_home_navigation` WHERE  `pid` = 35  AND `status` = 1 ORDER BY `sort` [ RunTime:0.000713s ]
[ sql ] [ SQL ] SHOW COLUMNS FROM `dp_home_news` [ RunTime:0.010241s ]
[ sql ] [ SQL ] SELECT `id`,`title`,`time`,`text` FROM `dp_home_news` WHERE  `id` = 3 LIMIT 1 [ RunTime:0.000568s ]
[ sql ] [ SQL ] SELECT `id`,`title` FROM `dp_home_news` WHERE  `id` < 3  AND `pid` = 1 ORDER BY `sort` LIMIT 1 [ RunTime:0.000716s ]
[ sql ] [ SQL ] SELECT `id`,`title` FROM `dp_home_news` WHERE  `id` > 3  AND `pid` = 1 ORDER BY `sort` LIMIT 1 [ RunTime:0.003781s ]
[ sql ] [ SQL ] SHOW COLUMNS FROM `dp_admin_attachment` [ RunTime:0.009400s ]
[ sql ] [ SQL ] SELECT * FROM `dp_admin_attachment` WHERE  `id` = 293 LIMIT 1 [ RunTime:0.000620s ]
[ sql ] [ SQL ] SELECT * FROM `dp_admin_attachment` WHERE  `id` = 336 LIMIT 1 [ RunTime:0.000651s ]
[ sql ] [ SQL ] SELECT * FROM `dp_admin_attachment` WHERE  `id` = 293 LIMIT 1 [ RunTime:0.000564s ]
[ sql ] [ SQL ] SELECT * FROM `dp_admin_attachment` WHERE  `id` = 308 LIMIT 1 [ RunTime:0.000581s ]
[ sql ] [ SQL ] SELECT * FROM `dp_admin_attachment` WHERE  `id` = 307 LIMIT 1 [ RunTime:0.000804s ]
---------------------------------------------------------------

[2020-06-17T14:55:15+08:00] 127.0.0.1 GET hamburg.com/index.php/index/news/index.html?cat=1&id=3
[运行时间：0.177917s] [吞吐率：5.62req/s] [内存消耗：3,070.59kb] [文件加载：104]
[ info ] [ LANG ] F:\Project\hamburg\thinkphp\lang\zh-cn.php
[ info ] [ ROUTE ] array (
)
[ info ] [ HEADER ] array (
  'cookie' => 'PHPSESSID=7clpbegq8jvqm4rrce9potiotj; dolphin___forward__=%2Fadmin.php%2Fadmin%2Fnavigation%2Findex.html; Hm_lvt_df73c308692c42e8633d774bf43c1c54=1592370475; Hm_lpvt_df73c308692c42e8633d774bf43c1c54=1592376442',
  'accept-language' => 'zh-CN,zh;q=0.9',
  'accept-encoding' => 'gzip, deflate',
  'referer' => 'http://hamburg.com/index.php',
  'accept' => 'text/html,application/xhtml+xml,application/xml;q=0.9,image/webp,image/apng,*/*;q=0.8,application/signed-exchange;v=b3;q=0.9',
  'user-agent' => 'Mozilla/5.0 (Windows NT 10.0; Win64; x64) AppleWebKit/537.36 (KHTML, like Gecko) Chrome/83.0.4103.97 Safari/537.36',
  'upgrade-insecure-requests' => '1',
  'cache-control' => 'max-age=0',
  'connection' => 'close',
  'host' => 'hamburg.com',
)
[ info ] [ PARAM ] array (
  'cat' => '1',
  'id' => '3',
)
[ info ] [ DB ] INIT mysql
[ info ] [ VIEW ] F:\Project\hamburg\application\index\view\news\index.html [ array (
  0 => 'n_img',
  1 => 'title',
  2 => 'config',
  3 => 'nav',
  4 => 'menu',
  5 => 'nav_pid',
  6 => 'nav_id',
  7 => 'details',
  8 => 'up',
  9 => 'lo',
  10 => 'cat',
) ]
[ sql ] [ DB ] CONNECT:[ UseTime:0.011268s ] mysql:host=127.0.0.1;port=3306;dbname=hamburg;charset=utf8
[ sql ] [ SQL ] SHOW COLUMNS FROM `dp_home_navigation` [ RunTime:0.016896s ]
[ sql ] [ SQL ] SELECT `id`,`pid`,`title` FROM `dp_home_navigation` WHERE  `url_value` = 'index/news/index'  AND `pid` <> 0  AND ( find_in_set('cat=1',params) ) LIMIT 1 [ RunTime:0.000609s ]
[ sql ] [ SQL ] SELECT `id`,`title`,`korean`,`url_value`,`params` FROM `dp_home_navigation` WHERE  `pid` = 27 ORDER BY `sort` [ RunTime:0.000731s ]
[ sql ] [ SQL ] SHOW COLUMNS FROM `dp_home_page_img` [ RunTime:0.011156s ]
[ sql ] [ SQL ] SELECT `id`,`alt`,`title`,`img` FROM `dp_home_page_img` WHERE  ( find_in_set('28',pid) ) ORDER BY `sort` LIMIT 1 [ RunTime:0.000757s ]
[ sql ] [ SQL ] SHOW COLUMNS FROM `dp_configuration` [ RunTime:0.009490s ]
[ sql ] [ SQL ] SELECT * FROM `dp_configuration` WHERE  `id` = 1 LIMIT 1 [ RunTime:0.000394s ]
[ sql ] [ SQL ] SELECT `id`,`title`,`korean`,`url_value`,`params` FROM `dp_home_navigation` WHERE  `pid` = 0  AND `status` = 1 ORDER BY `sort` [ RunTime:0.000501s ]
[ sql ] [ SQL ] SELECT `id`,`title`,`korean`,`url_value`,`params` FROM `dp_home_navigation` WHERE  `pid` = 1  AND `status` = 1 ORDER BY `sort` [ RunTime:0.000339s ]
[ sql ] [ SQL ] SELECT `id`,`title`,`korean`,`url_value`,`params` FROM `dp_home_navigation` WHERE  `pid` = 2  AND `status` = 1 ORDER BY `sort` [ RunTime:0.000418s ]
[ sql ] [ SQL ] SELECT `id`,`title`,`korean`,`url_value`,`params` FROM `dp_home_navigation` WHERE  `pid` = 9  AND `status` = 1 ORDER BY `sort` [ RunTime:0.000661s ]
[ sql ] [ SQL ] SELECT `id`,`title`,`korean`,`url_value`,`params` FROM `dp_home_navigation` WHERE  `pid` = 7  AND `status` = 1 ORDER BY `sort` [ RunTime:0.000651s ]
[ sql ] [ SQL ] SELECT `id`,`title`,`korean`,`url_value`,`params` FROM `dp_home_navigation` WHERE  `pid` = 20  AND `status` = 1 ORDER BY `sort` [ RunTime:0.000959s ]
[ sql ] [ SQL ] SELECT `id`,`title`,`korean`,`url_value`,`params` FROM `dp_home_navigation` WHERE  `pid` = 27  AND `status` = 1 ORDER BY `sort` [ RunTime:0.000911s ]
[ sql ] [ SQL ] SELECT `id`,`title`,`korean`,`url_value`,`params` FROM `dp_home_navigation` WHERE  `pid` = 35  AND `status` = 1 ORDER BY `sort` [ RunTime:0.000644s ]
[ sql ] [ SQL ] SHOW COLUMNS FROM `dp_home_news` [ RunTime:0.018491s ]
[ sql ] [ SQL ] SELECT `id`,`title`,`time`,`text` FROM `dp_home_news` WHERE  `id` = 3 LIMIT 1 [ RunTime:0.000622s ]
[ sql ] [ SQL ] SELECT `id`,`title` FROM `dp_home_news` WHERE  `id` < 3  AND `pid` = 1 ORDER BY `sort` LIMIT 1 [ RunTime:0.000598s ]
[ sql ] [ SQL ] SELECT `id`,`title` FROM `dp_home_news` WHERE  `id` > 3  AND `pid` = 1 ORDER BY `sort` LIMIT 1 [ RunTime:0.003663s ]
[ sql ] [ SQL ] SHOW COLUMNS FROM `dp_admin_attachment` [ RunTime:0.013123s ]
[ sql ] [ SQL ] SELECT * FROM `dp_admin_attachment` WHERE  `id` = 293 LIMIT 1 [ RunTime:0.000613s ]
[ sql ] [ SQL ] SELECT * FROM `dp_admin_attachment` WHERE  `id` = 336 LIMIT 1 [ RunTime:0.000660s ]
[ sql ] [ SQL ] SELECT * FROM `dp_admin_attachment` WHERE  `id` = 293 LIMIT 1 [ RunTime:0.000657s ]
[ sql ] [ SQL ] SELECT * FROM `dp_admin_attachment` WHERE  `id` = 308 LIMIT 1 [ RunTime:0.000827s ]
[ sql ] [ SQL ] SELECT * FROM `dp_admin_attachment` WHERE  `id` = 307 LIMIT 1 [ RunTime:0.000903s ]
